EDA Netlist Writer report for TbdTxFskFull
Thu Jan 18 11:17:04 2024
Quartus Prime Version 18.1.0 Build 625 09/12/2018 SJ Lite Edition


---------------------
; Table of Contents ;
---------------------
  1. Legal Notice
  2. EDA Netlist Writer Summary
  3. Simulation Settings
  4. Simulation Generated Files
  5. EDA Netlist Writer Messages



----------------
; Legal Notice ;
----------------
Copyright (C) 2018  Intel Corporation. All rights reserved.
Your use of Intel Corporation's design tools, logic functions 
and other software and tools, and its AMPP partner logic 
functions, and any output files from any of the foregoing 
(including device programming or simulation files), and any 
associated documentation or information are expressly subject 
to the terms and conditions of the Intel Program License 
Subscription Agreement, the Intel Quartus Prime License Agreement,
the Intel FPGA IP License Agreement, or other applicable license
agreement, including, without limitation, that your use is for
the sole purpose of programming logic devices manufactured by
Intel and sold by Intel or its authorized distributors.  Please
refer to the applicable agreement for further details.



+-------------------------------------------------------------------+
; EDA Netlist Writer Summary                                        ;
+---------------------------+---------------------------------------+
; EDA Netlist Writer Status ; Successful - Thu Jan 18 11:17:04 2024 ;
; Revision Name             ; TbdTxFskFull                          ;
; Top-level Entity Name     ; TbdTxFskFull                          ;
; Family                    ; Cyclone V                             ;
; Simulation Files Creation ; Successful                            ;
+---------------------------+---------------------------------------+


+---------------------------------------------------------------------------------------------------------------------+
; Simulation Settings                                                                                                 ;
+---------------------------------------------------------------------------------------------------+-----------------+
; Option                                                                                            ; Setting         ;
+---------------------------------------------------------------------------------------------------+-----------------+
; Tool Name                                                                                         ; ModelSim (VHDL) ;
; Generate functional simulation netlist                                                            ; Off             ;
; Time scale                                                                                        ; 1 ps            ;
; Truncate long hierarchy paths                                                                     ; Off             ;
; Map illegal HDL characters                                                                        ; Off             ;
; Flatten buses into individual nodes                                                               ; Off             ;
; Maintain hierarchy                                                                                ; Off             ;
; Bring out device-wide set/reset signals as ports                                                  ; Off             ;
; Enable glitch filtering                                                                           ; Off             ;
; Do not write top level VHDL entity                                                                ; Off             ;
; Disable detection of setup and hold time violations in the input registers of bi-directional pins ; Off             ;
; Architecture name in VHDL output netlist                                                          ; structure       ;
; Generate third-party EDA tool command script for RTL functional simulation                        ; Off             ;
; Generate third-party EDA tool command script for gate-level simulation                            ; Off             ;
+---------------------------------------------------------------------------------------------------+-----------------+


+-----------------------------------------------------------------------------------------------------------------------------------------------------------+
; Simulation Generated Files                                                                                                                                ;
+-----------------------------------------------------------------------------------------------------------------------------------------------------------+
; Generated Files                                                                                                                                           ;
+-----------------------------------------------------------------------------------------------------------------------------------------------------------+
; C:/Users/hanne/OneDrive/WS2324/DRS/DRS_Project/sender/src/grpComFsk/unitTbdTxFskFull/flw/synlayQuartus/synlayResults/simulation/modelsim/TbdTxFskFull.vho ;
+-----------------------------------------------------------------------------------------------------------------------------------------------------------+


+-----------------------------+
; EDA Netlist Writer Messages ;
+-----------------------------+
Info: *******************************************************************
Info: Running Quartus Prime EDA Netlist Writer
    Info: Version 18.1.0 Build 625 09/12/2018 SJ Lite Edition
    Info: Processing started: Thu Jan 18 11:17:01 2024
Info: Command: quartus_eda --read_settings_files=off --write_settings_files=off TbdTxFskFull -c TbdTxFskFull
Warning (125092): Tcl Script File C:/Users/hanne/OneDrive/WS2324/DRS/DRS_Project/sender/src/grpAlteraCycloneV/unitHPSComputer1/Computer_System/synthesis/Computer_System.qip not found
    Info (125063): set_global_assignment -name QIP_FILE "C:/Users/hanne/OneDrive/WS2324/DRS/DRS_Project/sender/src/grpAlteraCycloneV/unitHPSComputer1/Computer_System/synthesis/Computer_System.qip"
Warning (18236): Number of processors has not been specified which may cause overloading on shared machines.  Set the global assignment NUM_PARALLEL_PROCESSORS in your QSF to an appropriate value for best performance.
Warning (10905): Generated the EDA functional simulation netlist because it is the only supported netlist type for this device.
Info (204019): Generated file TbdTxFskFull.vho in folder "C:/Users/hanne/OneDrive/WS2324/DRS/DRS_Project/sender/src/grpComFsk/unitTbdTxFskFull/flw/synlayQuartus/synlayResults/simulation/modelsim/" for EDA simulation tool
Info: Quartus Prime EDA Netlist Writer was successful. 0 errors, 3 warnings
    Info: Peak virtual memory: 4851 megabytes
    Info: Processing ended: Thu Jan 18 11:17:04 2024
    Info: Elapsed time: 00:00:03
    Info: Total CPU time (on all processors): 00:00:03


