Flow report for TbdTxFskFull
Thu Jan 18 11:17:04 2024
Quartus Prime Version 18.1.0 Build 625 09/12/2018 SJ Lite Edition


---------------------
; Table of Contents ;
---------------------
  1. Legal Notice
  2. Flow Summary
  3. Flow Settings
  4. Flow Non-Default Global Settings
  5. Flow Elapsed Time
  6. Flow OS Summary
  7. Flow Log
  8. Flow Messages
  9. Flow Suppressed Messages



----------------
; Legal Notice ;
----------------
Copyright (C) 2018  Intel Corporation. All rights reserved.
Your use of Intel Corporation's design tools, logic functions 
and other software and tools, and its AMPP partner logic 
functions, and any output files from any of the foregoing 
(including device programming or simulation files), and any 
associated documentation or information are expressly subject 
to the terms and conditions of the Intel Program License 
Subscription Agreement, the Intel Quartus Prime License Agreement,
the Intel FPGA IP License Agreement, or other applicable license
agreement, including, without limitation, that your use is for
the sole purpose of programming logic devices manufactured by
Intel and sold by Intel or its authorized distributors.  Please
refer to the applicable agreement for further details.



+-------------------------------------------------------------------------------+
; Flow Summary                                                                  ;
+---------------------------------+---------------------------------------------+
; Flow Status                     ; Successful - Thu Jan 18 11:17:04 2024       ;
; Quartus Prime Version           ; 18.1.0 Build 625 09/12/2018 SJ Lite Edition ;
; Revision Name                   ; TbdTxFskFull                                ;
; Top-level Entity Name           ; TbdTxFskFull                                ;
; Family                          ; Cyclone V                                   ;
; Device                          ; 5CSEMA5F31C6                                ;
; Timing Models                   ; Final                                       ;
; Logic utilization (in ALMs)     ; 161 / 32,070 ( < 1 % )                      ;
; Total registers                 ; 269                                         ;
; Total pins                      ; 111 / 457 ( 24 % )                          ;
; Total virtual pins              ; 0                                           ;
; Total block memory bits         ; 14,336 / 4,065,280 ( < 1 % )                ;
; Total DSP Blocks                ; 0 / 87 ( 0 % )                              ;
; Total HSSI RX PCSs              ; 0                                           ;
; Total HSSI PMA RX Deserializers ; 0                                           ;
; Total HSSI TX PCSs              ; 0                                           ;
; Total HSSI PMA TX Serializers   ; 0                                           ;
; Total PLLs                      ; 1 / 6 ( 17 % )                              ;
; Total DLLs                      ; 0 / 4 ( 0 % )                               ;
+---------------------------------+---------------------------------------------+


+-----------------------------------------+
; Flow Settings                           ;
+-------------------+---------------------+
; Option            ; Setting             ;
+-------------------+---------------------+
; Start date & time ; 01/18/2024 11:15:51 ;
; Main task         ; Compilation         ;
; Revision Name     ; TbdTxFskFull        ;
+-------------------+---------------------+


+-----------------------------------------------------------------------------------------------------------------------------------------------------------------------------------------------------------------------------------------+
; Flow Non-Default Global Settings                                                                                                                                                                                                        ;
+---------------------------------------+-------------------------------------------------------------------------------------------------------------------------------------------------+---------------+--------------+----------------+
; Assignment Name                       ; Value                                                                                                                                           ; Default Value ; Entity Name  ; Section Id     ;
+---------------------------------------+-------------------------------------------------------------------------------------------------------------------------------------------------+---------------+--------------+----------------+
; COMPILER_SIGNATURE_ID                 ; 134660532263222.170557295002356                                                                                                                 ; --            ; --           ; --             ;
; EDA_OUTPUT_DATA_FORMAT                ; Vhdl                                                                                                                                            ; --            ; --           ; eda_simulation ;
; EDA_SIMULATION_TOOL                   ; ModelSim (VHDL)                                                                                                                                 ; <None>        ; --           ; --             ;
; EDA_TIME_SCALE                        ; 1 ps                                                                                                                                            ; --            ; --           ; eda_simulation ;
; FITTER_EFFORT                         ; Standard Fit                                                                                                                                    ; Auto Fit      ; --           ; --             ;
; FMAX_REQUIREMENT                      ; 50 MHz                                                                                                                                          ; --            ; --           ; --             ;
; MAX_CORE_JUNCTION_TEMP                ; 85                                                                                                                                              ; --            ; --           ; --             ;
; MIN_CORE_JUNCTION_TEMP                ; 0                                                                                                                                               ; --            ; --           ; --             ;
; MISC_FILE                             ; C:/Users/hanne/OneDrive/WS2324/DRS/DRS_Project/sender/src/grpAlteraCycloneV/unitPLL50to48/megafunction/AlteraPLL50to48.cmp                      ; --            ; --           ; --             ;
; MISC_FILE                             ; C:/Users/hanne/OneDrive/WS2324/DRS/DRS_Project/sender/src/grpAlteraCycloneV/unitdrs_analyzer/megafunction/synthesis/../drs_analyzer.cmp         ; --            ; --           ; --             ;
; MISC_FILE                             ; C:/Users/hanne/OneDrive/WS2324/DRS/DRS_Project/sender/src/grpAlteraCycloneV/unitdrs_analyzer/megafunction/synthesis/../../drs_analyzer.qsys     ; --            ; --           ; --             ;
; MUX_RESTRUCTURE                       ; Off                                                                                                                                             ; Auto          ; --           ; --             ;
; NOMINAL_CORE_SUPPLY_VOLTAGE           ; -- (Not supported for targeted family)                                                                                                          ; --            ; --           ; --             ;
; OPTIMIZATION_MODE                     ; Aggressive Performance                                                                                                                          ; Balanced      ; --           ; --             ;
; OPTIMIZATION_TECHNIQUE                ; Speed                                                                                                                                           ; Balanced      ; --           ; --             ;
; PARTITION_COLOR                       ; -- (Not supported for targeted family)                                                                                                          ; --            ; --           ; Top            ;
; PARTITION_FITTER_PRESERVATION_LEVEL   ; -- (Not supported for targeted family)                                                                                                          ; --            ; --           ; Top            ;
; PARTITION_NETLIST_TYPE                ; -- (Not supported for targeted family)                                                                                                          ; --            ; --           ; Top            ;
; PHYSICAL_SYNTHESIS_COMBO_LOGIC        ; On                                                                                                                                              ; Off           ; --           ; --             ;
; PHYSICAL_SYNTHESIS_REGISTER_RETIMING  ; On                                                                                                                                              ; Off           ; --           ; --             ;
; PLACEMENT_EFFORT_MULTIPLIER           ; 4.0                                                                                                                                             ; 1.0           ; --           ; --             ;
; POWER_BOARD_THERMAL_MODEL             ; None (CONSERVATIVE)                                                                                                                             ; --            ; --           ; --             ;
; ROUTER_TIMING_OPTIMIZATION_LEVEL      ; MAXIMUM                                                                                                                                         ; Normal        ; --           ; --             ;
; SLD_FILE                              ; C:/Users/hanne/OneDrive/WS2324/DRS/DRS_Project/sender/src/grpAlteraCycloneV/unitdrs_analyzer/megafunction/synthesis/drs_analyzer.debuginfo      ; --            ; --           ; --             ;
; SLD_INFO                              ; QSYS_NAME drs_analyzer HAS_SOPCINFO 1 GENERATION_ID 1704897391                                                                                  ; --            ; drs_analyzer ; --             ;
; SOPCINFO_FILE                         ; C:/Users/hanne/OneDrive/WS2324/DRS/DRS_Project/sender/src/grpAlteraCycloneV/unitdrs_analyzer/megafunction/synthesis/../../drs_analyzer.sopcinfo ; --            ; --           ; --             ;
; SYNTHESIS_ONLY_QIP                    ; On                                                                                                                                              ; --            ; --           ; --             ;
; SYNTHESIS_ONLY_QIP                    ; On                                                                                                                                              ; --            ; --           ; --             ;
; USE_DLL_FREQUENCY_FOR_DQS_DELAY_CHAIN ; On                                                                                                                                              ; Off           ; --           ; --             ;
; VCCBAT_USER_VOLTAGE                   ; 2.5V                                                                                                                                            ; --            ; --           ; --             ;
; VCCPGM_USER_VOLTAGE                   ; 3.3V                                                                                                                                            ; --            ; --           ; --             ;
; VCCRSTCLK_HPS_USER_VOLTAGE            ; 3.3V                                                                                                                                            ; --            ; --           ; --             ;
+---------------------------------------+-------------------------------------------------------------------------------------------------------------------------------------------------+---------------+--------------+----------------+


+--------------------------------------------------------------------------------------------------------------------------+
; Flow Elapsed Time                                                                                                        ;
+----------------------+--------------+-------------------------+---------------------+------------------------------------+
; Module Name          ; Elapsed Time ; Average Processors Used ; Peak Virtual Memory ; Total CPU Time (on all processors) ;
+----------------------+--------------+-------------------------+---------------------+------------------------------------+
; Analysis & Synthesis ; 00:00:12     ; 1.0                     ; 4982 MB             ; 00:00:20                           ;
; Fitter               ; 00:00:40     ; 1.1                     ; 8160 MB             ; 00:02:38                           ;
; Assembler            ; 00:00:06     ; 1.0                     ; 4837 MB             ; 00:00:06                           ;
; Timing Analyzer      ; 00:00:08     ; 1.2                     ; 5462 MB             ; 00:00:09                           ;
; EDA Netlist Writer   ; 00:00:03     ; 1.0                     ; 4851 MB             ; 00:00:03                           ;
; Total                ; 00:01:09     ; --                      ; --                  ; 00:03:16                           ;
+----------------------+--------------+-------------------------+---------------------+------------------------------------+


+------------------------------------------------------------------------------------+
; Flow OS Summary                                                                    ;
+----------------------+------------------+------------+------------+----------------+
; Module Name          ; Machine Hostname ; OS Name    ; OS Version ; Processor type ;
+----------------------+------------------+------------+------------+----------------+
; Analysis & Synthesis ; DESKTOP-GJ98NU5  ; Windows 10 ; 10.0       ; x86_64         ;
; Fitter               ; DESKTOP-GJ98NU5  ; Windows 10 ; 10.0       ; x86_64         ;
; Assembler            ; DESKTOP-GJ98NU5  ; Windows 10 ; 10.0       ; x86_64         ;
; Timing Analyzer      ; DESKTOP-GJ98NU5  ; Windows 10 ; 10.0       ; x86_64         ;
; EDA Netlist Writer   ; DESKTOP-GJ98NU5  ; Windows 10 ; 10.0       ; x86_64         ;
+----------------------+------------------+------------+------------+----------------+


------------
; Flow Log ;
------------
quartus_map --read_settings_files=on --write_settings_files=off TbdTxFskFull -c TbdTxFskFull
quartus_fit --read_settings_files=off --write_settings_files=off TbdTxFskFull -c TbdTxFskFull
quartus_asm --read_settings_files=off --write_settings_files=off TbdTxFskFull -c TbdTxFskFull
quartus_sta TbdTxFskFull -c TbdTxFskFull
quartus_eda --read_settings_files=off --write_settings_files=off TbdTxFskFull -c TbdTxFskFull



